# JRE version: OpenJDK Runtime Environment (8.0_152-b08) (build 1.8.0_152-release-1024-b8)
# Java VM: OpenJDK Server VM (25.152-b8 mixed mode windows-x86 )
Heap:
 par new generation   total 39296K, used 6309K [0x1e800000, 0x212a0000, 0x292a0000)
  eden space 34944K,   5% used [0x1e800000, 0x1e9e94c0, 0x20a20000)
  from space 4352K, 100% used [0x20a20000, 0x20e60000, 0x20e60000)
  to   space 4352K,   0% used [0x20e60000, 0x20e60000, 0x212a0000)
 concurrent mark-sweep generation total 87424K, used 124K [0x292a0000, 0x2e800000, 0x3e800000)
 Metaspace       used 6087K, capacity 6265K, committed 6400K, reserved 6528K
GC Heap History (4 events):
Event: 0.396 GC heap before
{Heap before GC invocations=0 (full 0):
 par new generation   total 39296K, used 34944K [0x1e800000, 0x212a0000, 0x292a0000)
  eden space 34944K, 100% used [0x1e800000, 0x20a20000, 0x20a20000)
  from space 4352K,   0% used [0x20a20000, 0x20a20000, 0x20e60000)
  to   space 4352K,   0% used [0x20e60000, 0x20e60000, 0x212a0000)
 concurrent mark-sweep generation total 87424K, used 0K [0x292a0000, 0x2e800000, 0x3e800000)
 Metaspace       used 4132K, capacity 4288K, committed 4288K, reserved 4480K
Event: 0.399 GC heap after
Heap after GC invocations=1 (full 0):
 par new generation   total 39296K, used 2067K [0x1e800000, 0x212a0000, 0x292a0000)
  eden space 34944K,   0% used [0x1e800000, 0x1e800000, 0x20a20000)
  from space 4352K,  47% used [0x20e60000, 0x21064f00, 0x212a0000)
  to   space 4352K,   0% used [0x20a20000, 0x20a20000, 0x20e60000)
 concurrent mark-sweep generation total 87424K, used 0K [0x292a0000, 0x2e800000, 0x3e800000)
 Metaspace       used 4132K, capacity 4288K, committed 4288K, reserved 4480K
}
Event: 0.555 GC heap before
{Heap before GC invocations=1 (full 0):
 par new generation   total 39296K, used 37011K [0x1e800000, 0x212a0000, 0x292a0000)
  eden space 34944K, 100% used [0x1e800000, 0x20a20000, 0x20a20000)
  from space 4352K,  47% used [0x20e60000, 0x21064f00, 0x212a0000)
  to   space 4352K,   0% used [0x20a20000, 0x20a20000, 0x20e60000)
 concurrent mark-sweep generation total 87424K, used 0K [0x292a0000, 0x2e800000, 0x3e800000)
 Metaspace       used 4570K, capacity 4741K, committed 4864K, reserved 5504K
Event: 0.562 GC heap after
Heap after GC invocations=2 (full 0):
 par new generation   total 39296K, used 4352K [0x1e800000, 0x212a0000, 0x292a0000)
  eden space 34944K,   0% used [0x1e800000, 0x1e800000, 0x20a20000)
  from space 4352K, 100% used [0x20a20000, 0x20e60000, 0x20e60000)
  to   space 4352K,   0% used [0x20e60000, 0x20e60000, 0x212a0000)
 concurrent mark-sweep generation total 87424K, used 124K [0x292a0000, 0x2e800000, 0x3e800000)
 Metaspace       used 4570K, capacity 4741K, committed 4864K, reserved 5504K
}

