# JRE version: OpenJDK Runtime Environment (8.0_152-b08) (build 1.8.0_152-release-1024-b8)
# Java VM: OpenJDK Server VM (25.152-b8 mixed mode windows-x86 )
Heap:
 par new generation   total 39296K, used 6311K [0x1ea00000, 0x214a0000, 0x294a0000)
  eden space 34944K,   5% used [0x1ea00000, 0x1ebe9f80, 0x20c20000)
  from space 4352K, 100% used [0x20c20000, 0x21060000, 0x21060000)
  to   space 4352K,   0% used [0x21060000, 0x21060000, 0x214a0000)
 concurrent mark-sweep generation total 87424K, used 99K [0x294a0000, 0x2ea00000, 0x3ea00000)
 Metaspace       used 6285K, capacity 6457K, committed 6528K, reserved 6528K
GC Heap History (4 events):
Event: 0.391 GC heap before
{Heap before GC invocations=0 (full 0):
 par new generation   total 39296K, used 34944K [0x1ea00000, 0x214a0000, 0x294a0000)
  eden space 34944K, 100% used [0x1ea00000, 0x20c20000, 0x20c20000)
  from space 4352K,   0% used [0x20c20000, 0x20c20000, 0x21060000)
  to   space 4352K,   0% used [0x21060000, 0x21060000, 0x214a0000)
 concurrent mark-sweep generation total 87424K, used 0K [0x294a0000, 0x2ea00000, 0x3ea00000)
 Metaspace       used 4136K, capacity 4288K, committed 4288K, reserved 4480K
Event: 0.393 GC heap after
Heap after GC invocations=1 (full 0):
 par new generation   total 39296K, used 1865K [0x1ea00000, 0x214a0000, 0x294a0000)
  eden space 34944K,   0% used [0x1ea00000, 0x1ea00000, 0x20c20000)
  from space 4352K,  42% used [0x21060000, 0x21232740, 0x214a0000)
  to   space 4352K,   0% used [0x20c20000, 0x20c20000, 0x21060000)
 concurrent mark-sweep generation total 87424K, used 0K [0x294a0000, 0x2ea00000, 0x3ea00000)
 Metaspace       used 4136K, capacity 4288K, committed 4288K, reserved 4480K
}
Event: 0.544 GC heap before
{Heap before GC invocations=1 (full 0):
 par new generation   total 39296K, used 36809K [0x1ea00000, 0x214a0000, 0x294a0000)
  eden space 34944K, 100% used [0x1ea00000, 0x20c20000, 0x20c20000)
  from space 4352K,  42% used [0x21060000, 0x21232740, 0x214a0000)
  to   space 4352K,   0% used [0x20c20000, 0x20c20000, 0x21060000)
 concurrent mark-sweep generation total 87424K, used 0K [0x294a0000, 0x2ea00000, 0x3ea00000)
 Metaspace       used 4429K, capacity 4613K, committed 4736K, reserved 5504K
Event: 0.550 GC heap after
Heap after GC invocations=2 (full 0):
 par new generation   total 39296K, used 4352K [0x1ea00000, 0x214a0000, 0x294a0000)
  eden space 34944K,   0% used [0x1ea00000, 0x1ea00000, 0x20c20000)
  from space 4352K, 100% used [0x20c20000, 0x21060000, 0x21060000)
  to   space 4352K,   0% used [0x21060000, 0x21060000, 0x214a0000)
 concurrent mark-sweep generation total 87424K, used 99K [0x294a0000, 0x2ea00000, 0x3ea00000)
 Metaspace       used 4429K, capacity 4613K, committed 4736K, reserved 5504K
}

