# JRE version: OpenJDK Runtime Environment (8.0_152-b08) (build 1.8.0_152-release-1024-b8)
# Java VM: OpenJDK Server VM (25.152-b8 mixed mode windows-x86 )
Heap:
 par new generation   total 39296K, used 6311K [0x17000000, 0x19aa0000, 0x21aa0000)
  eden space 34944K,   5% used [0x17000000, 0x171e9ee8, 0x19220000)
  from space 4352K, 100% used [0x19220000, 0x19660000, 0x19660000)
  to   space 4352K,   0% used [0x19660000, 0x19660000, 0x19aa0000)
 concurrent mark-sweep generation total 87424K, used 89K [0x21aa0000, 0x27000000, 0x37000000)
 Metaspace       used 6310K, capacity 6506K, committed 6528K, reserved 6528K
GC Heap History (4 events):
Event: 0.511 GC heap before
{Heap before GC invocations=0 (full 0):
 par new generation   total 39296K, used 34944K [0x17000000, 0x19aa0000, 0x21aa0000)
  eden space 34944K, 100% used [0x17000000, 0x19220000, 0x19220000)
  from space 4352K,   0% used [0x19220000, 0x19220000, 0x19660000)
  to   space 4352K,   0% used [0x19660000, 0x19660000, 0x19aa0000)
 concurrent mark-sweep generation total 87424K, used 0K [0x21aa0000, 0x27000000, 0x37000000)
 Metaspace       used 4130K, capacity 4288K, committed 4288K, reserved 4480K
Event: 0.513 GC heap after
Heap after GC invocations=1 (full 0):
 par new generation   total 39296K, used 1865K [0x17000000, 0x19aa0000, 0x21aa0000)
  eden space 34944K,   0% used [0x17000000, 0x17000000, 0x19220000)
  from space 4352K,  42% used [0x19660000, 0x198325d8, 0x19aa0000)
  to   space 4352K,   0% used [0x19220000, 0x19220000, 0x19660000)
 concurrent mark-sweep generation total 87424K, used 0K [0x21aa0000, 0x27000000, 0x37000000)
 Metaspace       used 4130K, capacity 4288K, committed 4288K, reserved 4480K
}
Event: 0.676 GC heap before
{Heap before GC invocations=1 (full 0):
 par new generation   total 39296K, used 36809K [0x17000000, 0x19aa0000, 0x21aa0000)
  eden space 34944K, 100% used [0x17000000, 0x19220000, 0x19220000)
  from space 4352K,  42% used [0x19660000, 0x198325d8, 0x19aa0000)
  to   space 4352K,   0% used [0x19220000, 0x19220000, 0x19660000)
 concurrent mark-sweep generation total 87424K, used 0K [0x21aa0000, 0x27000000, 0x37000000)
 Metaspace       used 4425K, capacity 4613K, committed 4736K, reserved 5504K
Event: 0.683 GC heap after
Heap after GC invocations=2 (full 0):
 par new generation   total 39296K, used 4352K [0x17000000, 0x19aa0000, 0x21aa0000)
  eden space 34944K,   0% used [0x17000000, 0x17000000, 0x19220000)
  from space 4352K, 100% used [0x19220000, 0x19660000, 0x19660000)
  to   space 4352K,   0% used [0x19660000, 0x19660000, 0x19aa0000)
 concurrent mark-sweep generation total 87424K, used 89K [0x21aa0000, 0x27000000, 0x37000000)
 Metaspace       used 4425K, capacity 4613K, committed 4736K, reserved 5504K
}

